build/app/intermediates/manifest_merge_blame_file/release/manifest-merger-blame-release-report.txt
1<?xml version="1.0" encoding="utf-8"?>
2<manifest xmlns:android="http://schemas.android.com/apk/res/android"
3    package="com.waterdrinkreminder"
4    android:versionCode="1"
5    android:versionName="1.0.0" >
6
7    <uses-sdk
8        android:minSdkVersion="21"
8-->src\main\AndroidManifest.xml
9        android:targetSdkVersion="30" />
9-->src\main\AndroidManifest.xml
10
11    <uses-permission android:name="android.permission.INTERNET" />
11-->src\main\AndroidManifest.xml:4:5-67
11-->src\main\AndroidManifest.xml:4:22-64
12    <uses-permission android:name="android.permission.ACCESS_NETWORK_STATE" />
12-->src\main\AndroidManifest.xml:5:5-79
12-->src\main\AndroidManifest.xml:5:22-76
13    <uses-permission android:name="android.permission.RECEIVE_BOOT_COMPLETED" />
13-->src\main\AndroidManifest.xml:6:5-81
13-->src\main\AndroidManifest.xml:6:22-78
14    <uses-permission android:name="android.permission.READ_EXTERNAL_STORAGE" />
14-->src\main\AndroidManifest.xml:7:5-80
14-->src\main\AndroidManifest.xml:7:22-77
15    <uses-permission android:name="android.permission.WRITE_EXTERNAL_STORAGE" />
15-->src\main\AndroidManifest.xml:8:5-81
15-->src\main\AndroidManifest.xml:8:22-78
16    <uses-permission android:name="android.permission.WAKE_LOCK" />
16-->src\main\AndroidManifest.xml:9:5-67
16-->src\main\AndroidManifest.xml:9:22-65
17    <uses-permission android:name="android.permission.REQUEST_IGNORE_BATTERY_OPTIMIZATIONS" />
17-->src\main\AndroidManifest.xml:10:5-94
17-->src\main\AndroidManifest.xml:10:22-92
18    <uses-permission android:name="android.permission.CAMERA" />
18-->src\main\AndroidManifest.xml:12:5-65
18-->src\main\AndroidManifest.xml:12:22-62
19
20    <uses-feature android:name="android.hardware.camera" />
20-->src\main\AndroidManifest.xml:13:5-60
20-->src\main\AndroidManifest.xml:13:19-57
21
22    <uses-permission android:name="android.permission.VIBRATE" />
22-->[:flutter_local_notifications] AndroidManifest.xml:8:5-66
22-->[:flutter_local_notifications] AndroidManifest.xml:8:22-63
23    <uses-permission android:name="android.permission.USE_FULL_SCREEN_INTENT" />
23-->[:flutter_local_notifications] AndroidManifest.xml:9:5-81
23-->[:flutter_local_notifications] AndroidManifest.xml:9:22-78
24    <uses-permission android:name="android.permission.RECORD_AUDIO" /> <!-- Permission will be merged into the manifest of the hosting app. -->
24-->[:camera] AndroidManifest.xml:8:5-71
24-->[:camera] AndroidManifest.xml:8:22-68
25    <!-- Is required to launch foreground extraction service for targetSdkVersion 28+. -->
26    <uses-permission android:name="android.permission.FOREGROUND_SERVICE" />
26-->[com.google.android.play:core:1.8.0] AndroidManifest.xml:8:3-74
26-->[com.google.android.play:core:1.8.0] AndroidManifest.xml:8:20-72
27
28    <application
28-->src\main\AndroidManifest.xml:15:4-61:19
29        android:appComponentFactory="androidx.core.app.CoreComponentFactory"
29-->[androidx.core:core:1.5.0] AndroidManifest.xml:24:18-86
30        android:icon="@mipmap/ic_launcher"
30-->src\main\AndroidManifest.xml:18:9-43
31        android:label="WOW"
31-->src\main\AndroidManifest.xml:17:9-28
32        android:requestLegacyExternalStorage="true" >
32-->src\main\AndroidManifest.xml:16:9-52
33        <activity
33-->src\main\AndroidManifest.xml:19:9-49:20
34            android:name="com.waterdrinkreminder.MainActivity"
34-->src\main\AndroidManifest.xml:22:13-41
35            android:configChanges="orientation|keyboardHidden|keyboard|screenSize|smallestScreenSize|locale|layoutDirection|fontScale|screenLayout|density|uiMode"
35-->src\main\AndroidManifest.xml:25:13-163
36            android:hardwareAccelerated="true"
36-->src\main\AndroidManifest.xml:26:13-47
37            android:launchMode="singleTop"
37-->src\main\AndroidManifest.xml:23:13-43
38            android:showWhenLocked="true"
38-->src\main\AndroidManifest.xml:20:13-42
39            android:theme="@style/LaunchTheme"
39-->src\main\AndroidManifest.xml:24:13-47
40            android:turnScreenOn="true"
40-->src\main\AndroidManifest.xml:21:13-40
41            android:windowSoftInputMode="adjustResize" >
41-->src\main\AndroidManifest.xml:27:13-55
42
43            <!--
44                 Specifies an Android theme to apply to this Activity as soon as
45                 the Android process has started. This theme is visible to the user
46                 while the Flutter UI initializes. After that, this theme continues
47                 to determine the Window background behind the Flutter UI.
48            -->
49            <meta-data
49-->src\main\AndroidManifest.xml:32:13-35:17
50                android:name="io.flutter.embedding.android.NormalTheme"
50-->src\main\AndroidManifest.xml:33:15-70
51                android:resource="@style/NormalTheme" />
51-->src\main\AndroidManifest.xml:34:15-52
52            <!--
53                 Displays an Android View that continues showing the launch screen
54                 Drawable until Flutter paints its first frame, then this splash
55                 screen fades out. A splash screen is useful to avoid any visual
56                 gap between the end of Android's launch screen and the painting of
57                 Flutter's first frame.
58            -->
59            <meta-data
59-->src\main\AndroidManifest.xml:41:13-44:17
60                android:name="io.flutter.embedding.android.SplashScreenDrawable"
60-->src\main\AndroidManifest.xml:42:15-79
61                android:resource="@drawable/launch_background" />
61-->src\main\AndroidManifest.xml:43:15-61
62
63            <intent-filter>
63-->src\main\AndroidManifest.xml:45:13-48:29
64                <action android:name="android.intent.action.MAIN" />
64-->src\main\AndroidManifest.xml:46:17-68
64-->src\main\AndroidManifest.xml:46:25-66
65
66                <category android:name="android.intent.category.LAUNCHER" />
66-->src\main\AndroidManifest.xml:47:17-76
66-->src\main\AndroidManifest.xml:47:27-74
67            </intent-filter>
68        </activity>
69        <!--
70             Don't delete the meta-data below.
71             This is used by the Flutter tool to generate GeneratedPluginRegistrant.java
72        -->
73
74        <activity
74-->src\main\AndroidManifest.xml:53:8-56:70
75            android:name="com.yalantis.ucrop.UCropActivity"
75-->src\main\AndroidManifest.xml:54:12-59
76            android:screenOrientation="portrait"
76-->src\main\AndroidManifest.xml:55:12-48
77            android:theme="@style/Theme.AppCompat.Light.NoActionBar" />
77-->src\main\AndroidManifest.xml:56:12-68
78
79        <meta-data
79-->src\main\AndroidManifest.xml:58:9-60:33
80            android:name="flutterEmbedding"
80-->src\main\AndroidManifest.xml:59:13-44
81            android:value="2" />
81-->src\main\AndroidManifest.xml:60:13-30
82
83        <service
83-->[:firebase_auth] AndroidManifest.xml:8:9-12:19
84            android:name="com.google.firebase.components.ComponentDiscoveryService"
84-->[:firebase_auth] AndroidManifest.xml:8:18-89
85            android:directBootAware="true"
85-->[com.google.firebase:firebase-common:20.0.0] AndroidManifest.xml:35:13-43
86            android:exported="false" >
86-->[com.google.firebase:firebase-auth:21.0.1] AndroidManifest.xml:76:13-37
87            <meta-data
87-->[:firebase_auth] AndroidManifest.xml:9:13-11:85
88                android:name="com.google.firebase.components:io.flutter.plugins.firebase.auth.FlutterFirebaseAuthRegistrar"
88-->[:firebase_auth] AndroidManifest.xml:10:17-124
89                android:value="com.google.firebase.components.ComponentRegistrar" />
89-->[:firebase_auth] AndroidManifest.xml:11:17-82
90            <meta-data
90-->[:firebase_core] AndroidManifest.xml:9:13-11:85
91                android:name="com.google.firebase.components:io.flutter.plugins.firebase.core.FlutterFirebaseCoreRegistrar"
91-->[:firebase_core] AndroidManifest.xml:10:17-124
92                android:value="com.google.firebase.components.ComponentRegistrar" />
92-->[:firebase_core] AndroidManifest.xml:11:17-82
93            <meta-data
93-->[com.google.firebase:firebase-auth:21.0.1] AndroidManifest.xml:77:13-79:85
94                android:name="com.google.firebase.components:com.google.firebase.auth.FirebaseAuthRegistrar"
94-->[com.google.firebase:firebase-auth:21.0.1] AndroidManifest.xml:78:17-109
95                android:value="com.google.firebase.components.ComponentRegistrar" />
95-->[com.google.firebase:firebase-auth:21.0.1] AndroidManifest.xml:79:17-82
96        </service>
97
98        <receiver android:name="com.dexterous.flutterlocalnotifications.ScheduledNotificationReceiver" />
98-->[:flutter_local_notifications] AndroidManifest.xml:12:9-106
98-->[:flutter_local_notifications] AndroidManifest.xml:12:19-103
99        <receiver android:name="com.dexterous.flutterlocalnotifications.ScheduledNotificationBootReceiver" >
99-->[:flutter_local_notifications] AndroidManifest.xml:13:9-20:20
99-->[:flutter_local_notifications] AndroidManifest.xml:13:19-107
100            <intent-filter>
100-->[:flutter_local_notifications] AndroidManifest.xml:14:13-19:29
101                <action android:name="android.intent.action.BOOT_COMPLETED" />
101-->[:flutter_local_notifications] AndroidManifest.xml:15:17-79
101-->[:flutter_local_notifications] AndroidManifest.xml:15:25-76
102                <action android:name="android.intent.action.MY_PACKAGE_REPLACED" />
102-->[:flutter_local_notifications] AndroidManifest.xml:16:17-84
102-->[:flutter_local_notifications] AndroidManifest.xml:16:25-81
103                <action android:name="android.intent.action.QUICKBOOT_POWERON" />
103-->[:flutter_local_notifications] AndroidManifest.xml:17:17-82
103-->[:flutter_local_notifications] AndroidManifest.xml:17:25-79
104                <action android:name="com.htc.intent.action.QUICKBOOT_POWERON" />
104-->[:flutter_local_notifications] AndroidManifest.xml:18:17-82
104-->[:flutter_local_notifications] AndroidManifest.xml:18:25-79
105            </intent-filter>
106        </receiver>
107
108        <activity
108-->[:url_launcher] AndroidManifest.xml:8:9-11:74
109            android:name="io.flutter.plugins.urllauncher.WebViewActivity"
109-->[:url_launcher] AndroidManifest.xml:9:13-74
110            android:exported="false"
110-->[:url_launcher] AndroidManifest.xml:10:13-37
111            android:theme="@android:style/Theme.NoTitleBar.Fullscreen" />
111-->[:url_launcher] AndroidManifest.xml:11:13-71
112
113        <provider
113-->[:share] AndroidManifest.xml:8:9-16:20
114            android:name="io.flutter.plugins.share.ShareFileProvider"
114-->[:share] AndroidManifest.xml:9:13-70
115            android:authorities="com.waterdrinkreminder.flutter.share_provider"
115-->[:share] AndroidManifest.xml:10:13-74
116            android:exported="false"
116-->[:share] AndroidManifest.xml:11:13-37
117            android:grantUriPermissions="true" >
117-->[:share] AndroidManifest.xml:12:13-47
118            <meta-data
118-->[:share] AndroidManifest.xml:13:13-15:68
119                android:name="android.support.FILE_PROVIDER_PATHS"
119-->[:share] AndroidManifest.xml:14:17-67
120                android:resource="@xml/flutter_share_file_paths" />
120-->[:share] AndroidManifest.xml:15:17-65
121        </provider>
122        <provider
122-->[com.sangcomz:FishBun:0.11.2] AndroidManifest.xml:12:9-20:20
123            android:name="com.sangcomz.fishbun.FishBunFileProvider"
123-->[com.sangcomz:FishBun:0.11.2] AndroidManifest.xml:13:13-68
124            android:authorities="com.waterdrinkreminder.fishbunfileprovider"
124-->[com.sangcomz:FishBun:0.11.2] AndroidManifest.xml:14:13-71
125            android:exported="false"
125-->[com.sangcomz:FishBun:0.11.2] AndroidManifest.xml:15:13-37
126            android:grantUriPermissions="true" >
126-->[com.sangcomz:FishBun:0.11.2] AndroidManifest.xml:16:13-47
127            <meta-data
127-->[:share] AndroidManifest.xml:13:13-15:68
128                android:name="android.support.FILE_PROVIDER_PATHS"
128-->[:share] AndroidManifest.xml:14:17-67
129                android:resource="@xml/provider_paths" />
129-->[:share] AndroidManifest.xml:15:17-65
130        </provider>
131
132        <activity
132-->[com.sangcomz:FishBun:0.11.2] AndroidManifest.xml:22:9-25:51
133            android:name="com.sangcomz.fishbun.ui.album.AlbumActivity"
133-->[com.sangcomz:FishBun:0.11.2] AndroidManifest.xml:23:13-71
134            android:label="@string/album"
134-->[com.sangcomz:FishBun:0.11.2] AndroidManifest.xml:24:13-42
135            android:theme="@style/FishBunTheme" />
135-->[com.sangcomz:FishBun:0.11.2] AndroidManifest.xml:25:13-48
136        <activity
136-->[com.sangcomz:FishBun:0.11.2] AndroidManifest.xml:26:9-28:51
137            android:name="com.sangcomz.fishbun.ui.picker.PickerActivity"
137-->[com.sangcomz:FishBun:0.11.2] AndroidManifest.xml:27:13-73
138            android:theme="@style/FishBunTheme" />
138-->[com.sangcomz:FishBun:0.11.2] AndroidManifest.xml:28:13-48
139        <activity
139-->[com.sangcomz:FishBun:0.11.2] AndroidManifest.xml:29:9-31:54
140            android:name="com.sangcomz.fishbun.ui.detail.DetailActivity"
140-->[com.sangcomz:FishBun:0.11.2] AndroidManifest.xml:30:13-73
141            android:theme="@style/DetailViewTheme" />
141-->[com.sangcomz:FishBun:0.11.2] AndroidManifest.xml:31:13-51
142        <activity
142-->[com.google.firebase:firebase-auth:21.0.1] AndroidManifest.xml:27:9-44:20
143            android:name="com.google.firebase.auth.internal.GenericIdpActivity"
143-->[com.google.firebase:firebase-auth:21.0.1] AndroidManifest.xml:28:13-80
144            android:excludeFromRecents="true"
144-->[com.google.firebase:firebase-auth:21.0.1] AndroidManifest.xml:29:13-46
145            android:exported="true"
145-->[com.google.firebase:firebase-auth:21.0.1] AndroidManifest.xml:30:13-36
146            android:launchMode="singleTask"
146-->[com.google.firebase:firebase-auth:21.0.1] AndroidManifest.xml:31:13-44
147            android:theme="@android:style/Theme.Translucent.NoTitleBar" >
147-->[com.google.firebase:firebase-auth:21.0.1] AndroidManifest.xml:32:13-72
148            <intent-filter>
148-->[com.google.firebase:firebase-auth:21.0.1] AndroidManifest.xml:33:13-43:29
149                <action android:name="android.intent.action.VIEW" />
149-->[com.google.firebase:firebase-auth:21.0.1] AndroidManifest.xml:34:17-69
149-->[com.google.firebase:firebase-auth:21.0.1] AndroidManifest.xml:34:25-66
150
151                <category android:name="android.intent.category.DEFAULT" />
151-->[com.google.firebase:firebase-auth:21.0.1] AndroidManifest.xml:36:17-76
151-->[com.google.firebase:firebase-auth:21.0.1] AndroidManifest.xml:36:27-73
152                <category android:name="android.intent.category.BROWSABLE" />
152-->[com.google.firebase:firebase-auth:21.0.1] AndroidManifest.xml:37:17-78
152-->[com.google.firebase:firebase-auth:21.0.1] AndroidManifest.xml:37:27-75
153
154                <data
154-->[com.google.firebase:firebase-auth:21.0.1] AndroidManifest.xml:39:17-42:51
155                    android:host="firebase.auth"
155-->[com.google.firebase:firebase-auth:21.0.1] AndroidManifest.xml:40:21-49
156                    android:path="/"
156-->[com.google.firebase:firebase-auth:21.0.1] AndroidManifest.xml:41:21-37
157                    android:scheme="genericidp" />
157-->[com.google.firebase:firebase-auth:21.0.1] AndroidManifest.xml:42:21-48
158            </intent-filter>
159        </activity>
160        <activity
160-->[com.google.firebase:firebase-auth:21.0.1] AndroidManifest.xml:45:9-62:20
161            android:name="com.google.firebase.auth.internal.RecaptchaActivity"
161-->[com.google.firebase:firebase-auth:21.0.1] AndroidManifest.xml:46:13-79
162            android:excludeFromRecents="true"
162-->[com.google.firebase:firebase-auth:21.0.1] AndroidManifest.xml:47:13-46
163            android:exported="true"
163-->[com.google.firebase:firebase-auth:21.0.1] AndroidManifest.xml:48:13-36
164            android:launchMode="singleTask"
164-->[com.google.firebase:firebase-auth:21.0.1] AndroidManifest.xml:49:13-44
165            android:theme="@android:style/Theme.Translucent.NoTitleBar" >
165-->[com.google.firebase:firebase-auth:21.0.1] AndroidManifest.xml:50:13-72
166            <intent-filter>
166-->[com.google.firebase:firebase-auth:21.0.1] AndroidManifest.xml:51:13-61:29
167                <action android:name="android.intent.action.VIEW" />
167-->[com.google.firebase:firebase-auth:21.0.1] AndroidManifest.xml:34:17-69
167-->[com.google.firebase:firebase-auth:21.0.1] AndroidManifest.xml:34:25-66
168
169                <category android:name="android.intent.category.DEFAULT" />
169-->[com.google.firebase:firebase-auth:21.0.1] AndroidManifest.xml:36:17-76
169-->[com.google.firebase:firebase-auth:21.0.1] AndroidManifest.xml:36:27-73
170                <category android:name="android.intent.category.BROWSABLE" />
170-->[com.google.firebase:firebase-auth:21.0.1] AndroidManifest.xml:37:17-78
170-->[com.google.firebase:firebase-auth:21.0.1] AndroidManifest.xml:37:27-75
171
172                <data
172-->[com.google.firebase:firebase-auth:21.0.1] AndroidManifest.xml:39:17-42:51
173                    android:host="firebase.auth"
173-->[com.google.firebase:firebase-auth:21.0.1] AndroidManifest.xml:40:21-49
174                    android:path="/"
174-->[com.google.firebase:firebase-auth:21.0.1] AndroidManifest.xml:41:21-37
175                    android:scheme="recaptcha" />
175-->[com.google.firebase:firebase-auth:21.0.1] AndroidManifest.xml:42:21-48
176            </intent-filter>
177        </activity>
178
179        <service
179-->[com.google.firebase:firebase-auth:21.0.1] AndroidManifest.xml:64:9-73:19
180            android:name="com.google.firebase.auth.api.fallback.service.FirebaseAuthFallbackService"
180-->[com.google.firebase:firebase-auth:21.0.1] AndroidManifest.xml:65:13-101
181            android:enabled="true"
181-->[com.google.firebase:firebase-auth:21.0.1] AndroidManifest.xml:66:13-35
182            android:exported="false" >
182-->[com.google.firebase:firebase-auth:21.0.1] AndroidManifest.xml:67:13-37
183            <intent-filter>
183-->[com.google.firebase:firebase-auth:21.0.1] AndroidManifest.xml:68:13-72:29
184                <action android:name="com.google.firebase.auth.api.gms.service.START" />
184-->[com.google.firebase:firebase-auth:21.0.1] AndroidManifest.xml:69:17-89
184-->[com.google.firebase:firebase-auth:21.0.1] AndroidManifest.xml:69:25-86
185
186                <category android:name="android.intent.category.DEFAULT" />
186-->[com.google.firebase:firebase-auth:21.0.1] AndroidManifest.xml:36:17-76
186-->[com.google.firebase:firebase-auth:21.0.1] AndroidManifest.xml:36:27-73
187            </intent-filter>
188        </service>
189
190        <provider
190-->[com.google.firebase:firebase-common:20.0.0] AndroidManifest.xml:26:9-31:39
191            android:name="com.google.firebase.provider.FirebaseInitProvider"
191-->[com.google.firebase:firebase-common:20.0.0] AndroidManifest.xml:27:13-77
192            android:authorities="com.waterdrinkreminder.firebaseinitprovider"
192-->[com.google.firebase:firebase-common:20.0.0] AndroidManifest.xml:28:13-72
193            android:directBootAware="true"
193-->[com.google.firebase:firebase-common:20.0.0] AndroidManifest.xml:29:13-43
194            android:exported="false"
194-->[com.google.firebase:firebase-common:20.0.0] AndroidManifest.xml:30:13-37
195            android:initOrder="100" />
195-->[com.google.firebase:firebase-common:20.0.0] AndroidManifest.xml:31:13-36
196
197        <activity
197-->[com.google.android.gms:play-services-base:17.1.0] AndroidManifest.xml:23:9-26:75
198            android:name="com.google.android.gms.common.api.GoogleApiActivity"
198-->[com.google.android.gms:play-services-base:17.1.0] AndroidManifest.xml:24:13-79
199            android:exported="false"
199-->[com.google.android.gms:play-services-base:17.1.0] AndroidManifest.xml:25:13-37
200            android:theme="@android:style/Theme.Translucent.NoTitleBar" />
200-->[com.google.android.gms:play-services-base:17.1.0] AndroidManifest.xml:26:13-72
201
202        <meta-data
202-->[com.google.android.gms:play-services-basement:17.1.0] AndroidManifest.xml:23:9-25:69
203            android:name="com.google.android.gms.version"
203-->[com.google.android.gms:play-services-basement:17.1.0] AndroidManifest.xml:24:13-58
204            android:value="@integer/google_play_services_version" /> <!-- The activities will be merged into the manifest of the hosting app. -->
204-->[com.google.android.gms:play-services-basement:17.1.0] AndroidManifest.xml:25:13-66
205        <activity
205-->[com.google.android.play:core:1.8.0] AndroidManifest.xml:12:5-271
206            android:name="com.google.android.play.core.missingsplits.PlayCoreMissingSplitsActivity"
206-->[com.google.android.play:core:1.8.0] AndroidManifest.xml:12:15-102
207            android:enabled="false"
207-->[com.google.android.play:core:1.8.0] AndroidManifest.xml:12:103-126
208            android:exported="false"
208-->[com.google.android.play:core:1.8.0] AndroidManifest.xml:12:127-151
209            android:launchMode="singleInstance"
209-->[com.google.android.play:core:1.8.0] AndroidManifest.xml:12:204-239
210            android:process=":playcore_missing_splits_activity"
210-->[com.google.android.play:core:1.8.0] AndroidManifest.xml:12:152-203
211            android:stateNotNeeded="true" />
211-->[com.google.android.play:core:1.8.0] AndroidManifest.xml:12:240-269
212        <activity
212-->[com.google.android.play:core:1.8.0] AndroidManifest.xml:13:5-226
213            android:name="com.google.android.play.core.common.PlayCoreDialogWrapperActivity"
213-->[com.google.android.play:core:1.8.0] AndroidManifest.xml:13:15-95
214            android:enabled="false"
214-->[com.google.android.play:core:1.8.0] AndroidManifest.xml:13:96-119
215            android:exported="false"
215-->[com.google.android.play:core:1.8.0] AndroidManifest.xml:13:120-144
216            android:stateNotNeeded="true"
216-->[com.google.android.play:core:1.8.0] AndroidManifest.xml:13:145-174
217            android:theme="@style/Theme.PlayCore.Transparent" /> <!-- The service will be merged into the manifest of the hosting app. -->
217-->[com.google.android.play:core:1.8.0] AndroidManifest.xml:13:175-224
218        <service
218-->[com.google.android.play:core:1.8.0] AndroidManifest.xml:16:5-145
219            android:name="com.google.android.play.core.assetpacks.AssetPackExtractionService"
219-->[com.google.android.play:core:1.8.0] AndroidManifest.xml:16:14-95
220            android:enabled="false"
220-->[com.google.android.play:core:1.8.0] AndroidManifest.xml:16:96-119
221            android:exported="true" />
221-->[com.google.android.play:core:1.8.0] AndroidManifest.xml:16:120-143
222    </application>
223
224</manifest>